#
# A fatal error has been detected by the Java Runtime Environment:
#
#  EXCEPTION_ILLEGAL_INSTRUCTION (0xc000001d) at pc=0x000007fef1185c01, pid=5192, tid=4724
#
# JRE version: OpenJDK Runtime Environment (10.0.2+13) (build 10.0.2+13)
# Java VM: OpenJDK 64-Bit Server VM (10.0.2+13, mixed mode, tiered, compressed oops, g1 gc, windows-amd64)
# Problematic frame:
# C  [msvcr120.dll+0x95c01]
#
# No core dump will be written. Minidumps are not enabled by default on client versions of Windows
#
# If you would like to submit a bug report, please visit:
#   http://bugreport.java.com/bugreport/crash.jsp
# The crash happened outside the Java Virtual Machine in native code.
# See problematic frame for where to report the bug.
#

---------------  S U M M A R Y ------------

Command Line: -javaagent:C:\Program Files\JetBrains\IntelliJ IDEA Community Edition 2019.1.3\lib\idea_rt.jar=50594:C:\Program Files\JetBrains\IntelliJ IDEA Community Edition 2019.1.3\bin -Dfile.encoding=UTF-8 Minesweeper_main

Host: Intel(R) Core(TM) i5-4210U CPU @ 1.70GHz, 4 cores, 3G,  Windows 7 , 64 bit Build 7600 (6.1.7600.16385)
Time: Fri May 31 17:14:27 2019 SE Asia Standard Time elapsed time: 0 seconds (0d 0h 0m 0s)

---------------  T H R E A D  ---------------

Current thread (0x00000000003b3800):  JavaThread "main" [_thread_in_native, id=4724, stack(0x0000000002000000,0x0000000002100000)]

Stack: [0x0000000002000000,0x0000000002100000],  sp=0x00000000020fd480,  free space=1013k
Native frames: (J=compiled Java code, j=interpreted, Vv=VM code, C=native code)
C  [msvcr120.dll+0x95c01]
C  [fontmanager.dll+0x2e6b4]

Java frames: (J=compiled Java code, j=interpreted, Vv=VM code)
j  sun.font.FileFontStrike._getGlyphImageFromWindows(Ljava/lang/String;IIIZ)J+0 java.desktop@10.0.2
j  sun.font.FileFontStrike.getGlyphImageFromWindows(I)J+65 java.desktop@10.0.2
j  sun.font.FileFontStrike.getGlyphImageFromNative(I)J+8 java.desktop@10.0.2
j  sun.font.FileFontStrike.getGlyphImagePtr(I)J+35 java.desktop@10.0.2
j  sun.font.FileFontStrike.getGlyphAdvance(IZ)F+240 java.desktop@10.0.2
j  sun.font.FileFontStrike.getGlyphAdvance(I)F+3 java.desktop@10.0.2
j  sun.font.CompositeStrike.getGlyphAdvance(I)F+11 java.desktop@10.0.2
j  sun.font.CompositeStrike.getCodePointAdvance(I)F+12 java.desktop@10.0.2
j  sun.font.FontDesignMetrics.handleCharWidth(I)F+5 java.desktop@10.0.2
j  sun.font.FontDesignMetrics.getLatinCharWidth(C)F+16 java.desktop@10.0.2
j  sun.font.FontDesignMetrics.stringWidth(Ljava/lang/String;)I+92 java.desktop@10.0.2
j  sun.swing.SwingUtilities2.getFontStringWidth(Ljava/lang/String;Ljava/awt/FontMetrics;Z)F+25 java.desktop@10.0.2
j  sun.swing.SwingUtilities2.stringWidth(Ljavax/swing/JComponent;Ljava/awt/FontMetrics;Ljava/lang/String;Z)F+108 java.desktop@10.0.2
j  sun.swing.SwingUtilities2.stringWidth(Ljavax/swing/JComponent;Ljava/awt/FontMetrics;Ljava/lang/String;)I+4 java.desktop@10.0.2
j  sun.swing.MenuItemLayoutHelper.calcWidthsAndHeights()V+179 java.desktop@10.0.2
j  sun.swing.MenuItemLayoutHelper.reset(Ljavax/swing/JMenuItem;Ljavax/swing/Icon;Ljavax/swing/Icon;Ljava/awt/Rectangle;ILjava/lang/String;ZLjava/awt/Font;Ljava/awt/Font;ZLjava/lang/String;)V+280 java.desktop@10.0.2
j  sun.swing.MenuItemLayoutHelper.<init>(Ljavax/swing/JMenuItem;Ljavax/swing/Icon;Ljavax/swing/Icon;Ljava/awt/Rectangle;ILjava/lang/String;ZLjava/awt/Font;Ljava/awt/Font;ZLjava/lang/String;)V+24 java.desktop@10.0.2
j  javax.swing.plaf.basic.BasicMenuItemUI.getPreferredMenuItemSize(Ljavax/swing/JComponent;Ljavax/swing/Icon;Ljavax/swing/Icon;I)Ljava/awt/Dimension;+48 java.desktop@10.0.2
j  javax.swing.plaf.basic.BasicMenuItemUI.getPreferredSize(Ljavax/swing/JComponent;)Ljava/awt/Dimension;+14 java.desktop@10.0.2
j  javax.swing.JComponent.getPreferredSize()Ljava/awt/Dimension;+26 java.desktop@10.0.2
j  javax.swing.plaf.basic.BasicMenuUI.getMinimumSize(Ljavax/swing/JComponent;)Ljava/awt/Dimension;+14 java.desktop@10.0.2
j  javax.swing.JComponent.getMinimumSize()Ljava/awt/Dimension;+26 java.desktop@10.0.2
j  javax.swing.BoxLayout.checkRequests()V+105 java.desktop@10.0.2
j  javax.swing.BoxLayout.preferredLayoutSize(Ljava/awt/Container;)Ljava/awt/Dimension;+10 java.desktop@10.0.2
j  javax.swing.plaf.basic.DefaultMenuLayout.preferredLayoutSize(Ljava/awt/Container;)Ljava/awt/Dimension;+40 java.desktop@10.0.2
j  java.awt.Container.preferredSize()Ljava/awt/Dimension;+43 java.desktop@10.0.2
j  java.awt.Container.getPreferredSize()Ljava/awt/Dimension;+1 java.desktop@10.0.2
j  javax.swing.JComponent.getPreferredSize()Ljava/awt/Dimension;+39 java.desktop@10.0.2
j  javax.swing.JRootPane$RootLayout.preferredLayoutSize(Ljava/awt/Container;)Ljava/awt/Dimension;+68 java.desktop@10.0.2
j  java.awt.Container.preferredSize()Ljava/awt/Dimension;+43 java.desktop@10.0.2
j  java.awt.Container.getPreferredSize()Ljava/awt/Dimension;+1 java.desktop@10.0.2
j  javax.swing.JComponent.getPreferredSize()Ljava/awt/Dimension;+39 java.desktop@10.0.2
j  java.awt.BorderLayout.preferredLayoutSize(Ljava/awt/Container;)Ljava/awt/Dimension;+157 java.desktop@10.0.2
j  java.awt.Container.preferredSize()Ljava/awt/Dimension;+43 java.desktop@10.0.2
j  java.awt.Container.getPreferredSize()Ljava/awt/Dimension;+1 java.desktop@10.0.2
j  java.awt.Window.pack()V+32 java.desktop@10.0.2
j  StdDraw.init()V+239
j  StdDraw.<clinit>()V+254
v  ~StubRoutines::call_stub
j  Minesweeper_main.main([Ljava/lang/String;)V+14
v  ~StubRoutines::call_stub

siginfo: EXCEPTION_ILLEGAL_INSTRUCTION (0xc000001d)


Register to memory mapping:

RIP=0x000007fef1185c01 msvcr120.dll
RAX=0x000000002317f1c0 is an unknown value
RBX=0x0000000000000001 is an unknown value
RCX=0x0000000000340000 is an unknown value
RDX=0x0000000000000090 is an unknown value
RSP=0x00000000020fd480 is pointing into the stack for thread: 0x00000000003b3800
RBP=0x0000000000000014 is an unknown value
RSI=0x000000002317f1c1 is an unknown value
RDI=0x000000002317f1c0 is an unknown value
R8 =0x000000002317f1b0 is an unknown value
R9 =0x000000002317f1c0 is an unknown value
R10=0x0000000000000000 is an unknown value
R11=0x0000000000000287 is an unknown value
R12=0xfffffffffd010e6d is an unknown value
R13=0x0000000000000009 is an unknown value
R14=0x000007fef31d04d0 fontmanager.dll
R15=0x0000000000000009 is an unknown value


Registers:
RAX=0x000000002317f1c0, RBX=0x0000000000000001, RCX=0x0000000000340000, RDX=0x0000000000000090
RSP=0x00000000020fd480, RBP=0x0000000000000014, RSI=0x000000002317f1c1, RDI=0x000000002317f1c0
R8 =0x000000002317f1b0, R9 =0x000000002317f1c0, R10=0x0000000000000000, R11=0x0000000000000287
R12=0xfffffffffd010e6d, R13=0x0000000000000009, R14=0x000007fef31d04d0, R15=0x0000000000000009
RIP=0x000007fef1185c01, EFLAGS=0x0000000000010202

Top of Stack: (sp=0x00000000020fd480)
0x00000000020fd480:   00000000020fd638 00000000020fd638
0x00000000020fd490:   0000000000000000 000000000000200c
0x00000000020fd4a0:   0000000000000000 000007fefba8032d
0x00000000020fd4b0:   0000000000000012 0000000300000001
0x00000000020fd4c0:   00000006fffffffd 000007feff4c5a8e
0x00000000020fd4d0:   00000000020fd638 000007fefba78c87
0x00000000020fd4e0:   0000000000000009 000007fef31d04d0
0x00000000020fd4f0:   0000000000000009 fffffffffd010e6d
0x00000000020fd500:   3ff3333333333333 0000000000000000
0x00000000020fd510:   406fe00000000000 0000000000000000
0x00000000020fd520:   0000000000000002 0000000000000100
0x00000000020fd530:   0000000900000000 00000000020fd540
0x00000000020fd540:   0000000000000009 000007fef319e6b4
0x00000000020fd550:   0000000000000078 000000000000001b
0x00000000020fd560:   0000000000010010 00000000020fd5f0
0x00000000020fd570:   0000000000000000 0000000000000000 

Instructions: (pc=0x000007fef1185c01)
0x000007fef1185be1:   0f 10 d0 f2 0f 10 44 24 10 f2 0f 10 4c 24 20 44
0x000007fef1185bf1:   8b 0d 15 26 02 00 e8 34 c7 00 00 e9 72 f8 ff ff
0x000007fef1185c01:   c5 fb 11 44 24 10 c5 fb 11 4c 24 20 48 8b 54 24
0x000007fef1185c11:   10 4c 8b 44 24 20 4c 8b 15 4a 26 02 00 4d 23 d0 



---------------  P R O C E S S  ---------------

Threads class SMR info:
_java_thread_list=0x000000002302d940, length=16, elements={
0x00000000003b3800, 0x0000000020334000, 0x0000000020338000, 0x00000000213b3800,
0x00000000213b6800, 0x00000000213bc800, 0x00000000213d6000, 0x000000002033c000,
0x000000002033f000, 0x00000000224c7000, 0x00000000224aa000, 0x00000000224ab000,
0x0000000022736000, 0x0000000022736800, 0x0000000022737800, 0x0000000023030800
}

Java Threads: ( => current thread )
=>0x00000000003b3800 JavaThread "main" [_thread_in_native, id=4724, stack(0x0000000002000000,0x0000000002100000)]
  0x0000000020334000 JavaThread "Reference Handler" daemon [_thread_blocked, id=6608, stack(0x00000000217d0000,0x00000000218d0000)]
  0x0000000020338000 JavaThread "Finalizer" daemon [_thread_blocked, id=868, stack(0x0000000021650000,0x0000000021750000)]
  0x00000000213b3800 JavaThread "Signal Dispatcher" daemon [_thread_blocked, id=7028, stack(0x00000000219a0000,0x0000000021aa0000)]
  0x00000000213b6800 JavaThread "Attach Listener" daemon [_thread_blocked, id=6900, stack(0x0000000021c70000,0x0000000021d70000)]
  0x00000000213bc800 JavaThread "C2 CompilerThread0" daemon [_thread_blocked, id=3688, stack(0x0000000021df0000,0x0000000021ef0000)]
  0x00000000213d6000 JavaThread "C2 CompilerThread1" daemon [_thread_blocked, id=4564, stack(0x0000000021ff0000,0x00000000220f0000)]
  0x000000002033c000 JavaThread "C1 CompilerThread2" daemon [_thread_blocked, id=1772, stack(0x0000000021ac0000,0x0000000021bc0000)]
  0x000000002033f000 JavaThread "Sweeper thread" daemon [_thread_blocked, id=6352, stack(0x0000000022280000,0x0000000022380000)]
  0x00000000224c7000 JavaThread "Common-Cleaner" daemon [_thread_blocked, id=2548, stack(0x0000000022100000,0x0000000022200000)]
  0x00000000224aa000 JavaThread "Monitor Ctrl-Break" daemon [_thread_in_native, id=4608, stack(0x0000000022aa0000,0x0000000022ba0000)]
  0x00000000224ab000 JavaThread "Service Thread" daemon [_thread_blocked, id=6436, stack(0x0000000022bd0000,0x0000000022cd0000)]
  0x0000000022736000 JavaThread "Java2D Disposer" daemon [_thread_blocked, id=4568, stack(0x0000000023750000,0x0000000023850000)]
  0x0000000022736800 JavaThread "AWT-Shutdown" [_thread_blocked, id=6468, stack(0x00000000238d0000,0x00000000239d0000)]
  0x0000000022737800 JavaThread "AWT-Windows" daemon [_thread_in_native, id=6200, stack(0x0000000023b20000,0x0000000023c20000)]
  0x0000000023030800 JavaThread "AWT-EventQueue-0" [_thread_blocked, id=6168, stack(0x00000000239e0000,0x0000000023ae0000)]

Other Threads:
  0x000000002032f000 VMThread "VM Thread" [stack: 0x0000000021500000,0x0000000021600000] [id=6868]
  0x00000000224f6800 WatcherThread [stack: 0x0000000022780000,0x0000000022880000] [id=6620]
  0x00000000003c9800 GCTaskThread "GC Thread#0" [stack: 0x000000001ace0000,0x000000001ade0000] [id=4976]
  0x00000000003cb000 GCTaskThread "GC Thread#1" [stack: 0x000000001ae70000,0x000000001af70000] [id=2668]
  0x00000000003cd800 GCTaskThread "GC Thread#2" [stack: 0x000000001afc0000,0x000000001b0c0000] [id=1984]
  0x00000000003d1000 GCTaskThread "GC Thread#3" [stack: 0x000000001b210000,0x000000001b310000] [id=7024]
  0x0000000000411800 ConcurrentGCThread "G1 Main Marker" [stack: 0x000000001dd00000,0x000000001de00000] [id=6308]
  0x0000000000415000 ConcurrentGCThread "G1 Conc#0" [stack: 0x000000001db80000,0x000000001dc80000] [id=3844]
  0x000000000043f800 ConcurrentGCThread "G1 Refine#0" [stack: 0x0000000020370000,0x0000000020470000] [id=6456]
  0x0000000020255800 ConcurrentGCThread "G1 Refine#1" [stack: 0x0000000020520000,0x0000000020620000] [id=3896]
  0x0000000020259000 ConcurrentGCThread "G1 Refine#2" [stack: 0x00000000206d0000,0x00000000207d0000] [id=6920]
  0x000000002025a000 ConcurrentGCThread "G1 Refine#3" [stack: 0x0000000020800000,0x0000000020900000] [id=6412]
  0x000000002025c000 ConcurrentGCThread "G1 Young RemSet Sampling" [stack: 0x00000000209f0000,0x0000000020af0000] [id=5448]

Threads with active compile tasks:

VM state:not at safepoint (normal execution)

VM Mutex/Monitor currently owned by a thread: None

Heap address: 0x00000000c1c00000, size: 996 MB, Compressed Oops mode: 32-bit
Narrow klass base: 0x0000000000000000, Narrow klass shift: 0
Compressed class space size: 1073741824 Address: 0x000000007fff0000

Heap:
 garbage-first heap   total 65536K, used 14336K [0x00000000c1c00000, 0x0000000100000000)
  region size 1024K, 11 young (11264K), 0 survivors (0K)
 Metaspace       used 13872K, capacity 14213K, committed 14464K, reserved 1062912K
  class space    used 1383K, capacity 1560K, committed 1664K, reserved 1048576K
Heap Regions: E=young(eden), S=young(survivor), O=old, HS=humongous(starts), HC=humongous(continues), CS=collection set, F=free, A=archive, TS=gc time stamp, AC=allocation context, TAMS=top-at-mark-start (previous, next)
|   0|0x00000000c1c00000, 0x00000000c1d00000, 0x00000000c1d00000|100%|HS|  |TS  0|AC  0|TAMS 0x00000000c1c00000, 0x00000000c1c00000|
|   1|0x00000000c1d00000, 0x00000000c1e00000, 0x00000000c1e00000|100%|HC|  |TS  0|AC  0|TAMS 0x00000000c1d00000, 0x00000000c1d00000|
|   2|0x00000000c1e00000, 0x00000000c1f00000, 0x00000000c1f00000|100%|HS|  |TS  0|AC  0|TAMS 0x00000000c1e00000, 0x00000000c1e00000|
|   3|0x00000000c1f00000, 0x00000000c2000000, 0x00000000c2000000|100%|HC|  |TS  0|AC  0|TAMS 0x00000000c1f00000, 0x00000000c1f00000|
|   4|0x00000000c2000000, 0x00000000c2000000, 0x00000000c2100000|  0%| F|  |TS  0|AC  0|TAMS 0x00000000c2000000, 0x00000000c2000000|
|   5|0x00000000c2100000, 0x00000000c2100000, 0x00000000c2200000|  0%| F|  |TS  0|AC  0|TAMS 0x00000000c2100000, 0x00000000c2100000|
|   6|0x00000000c2200000, 0x00000000c2200000, 0x00000000c2300000|  0%| F|  |TS  0|AC  0|TAMS 0x00000000c2200000, 0x00000000c2200000|
|   7|0x00000000c2300000, 0x00000000c2300000, 0x00000000c2400000|  0%| F|  |TS  0|AC  0|TAMS 0x00000000c2300000, 0x00000000c2300000|
|   8|0x00000000c2400000, 0x00000000c2400000, 0x00000000c2500000|  0%| F|  |TS  0|AC  0|TAMS 0x00000000c2400000, 0x00000000c2400000|
|   9|0x00000000c2500000, 0x00000000c2500000, 0x00000000c2600000|  0%| F|  |TS  0|AC  0|TAMS 0x00000000c2500000, 0x00000000c2500000|
|  10|0x00000000c2600000, 0x00000000c2600000, 0x00000000c2700000|  0%| F|  |TS  0|AC  0|TAMS 0x00000000c2600000, 0x00000000c2600000|
|  11|0x00000000c2700000, 0x00000000c2700000, 0x00000000c2800000|  0%| F|  |TS  0|AC  0|TAMS 0x00000000c2700000, 0x00000000c2700000|
|  12|0x00000000c2800000, 0x00000000c2800000, 0x00000000c2900000|  0%| F|  |TS  0|AC  0|TAMS 0x00000000c2800000, 0x00000000c2800000|
|  13|0x00000000c2900000, 0x00000000c2900000, 0x00000000c2a00000|  0%| F|  |TS  0|AC  0|TAMS 0x00000000c2900000, 0x00000000c2900000|
|  14|0x00000000c2a00000, 0x00000000c2a00000, 0x00000000c2b00000|  0%| F|  |TS  0|AC  0|TAMS 0x00000000c2a00000, 0x00000000c2a00000|
|  15|0x00000000c2b00000, 0x00000000c2b00000, 0x00000000c2c00000|  0%| F|  |TS  0|AC  0|TAMS 0x00000000c2b00000, 0x00000000c2b00000|
|  16|0x00000000c2c00000, 0x00000000c2c00000, 0x00000000c2d00000|  0%| F|  |TS  0|AC  0|TAMS 0x00000000c2c00000, 0x00000000c2c00000|
|  17|0x00000000c2d00000, 0x00000000c2d00000, 0x00000000c2e00000|  0%| F|  |TS  0|AC  0|TAMS 0x00000000c2d00000, 0x00000000c2d00000|
|  18|0x00000000c2e00000, 0x00000000c2e00000, 0x00000000c2f00000|  0%| F|  |TS  0|AC  0|TAMS 0x00000000c2e00000, 0x00000000c2e00000|
|  19|0x00000000c2f00000, 0x00000000c2f00000, 0x00000000c3000000|  0%| F|  |TS  0|AC  0|TAMS 0x00000000c2f00000, 0x00000000c2f00000|
|  20|0x00000000c3000000, 0x00000000c3000000, 0x00000000c3100000|  0%| F|  |TS  0|AC  0|TAMS 0x00000000c3000000, 0x00000000c3000000|
|  21|0x00000000c3100000, 0x00000000c3100000, 0x00000000c3200000|  0%| F|  |TS  0|AC  0|TAMS 0x00000000c3100000, 0x00000000c3100000|
|  22|0x00000000c3200000, 0x00000000c3200000, 0x00000000c3300000|  0%| F|  |TS  0|AC  0|TAMS 0x00000000c3200000, 0x00000000c3200000|
|  23|0x00000000c3300000, 0x00000000c3300000, 0x00000000c3400000|  0%| F|  |TS  0|AC  0|TAMS 0x00000000c3300000, 0x00000000c3300000|
|  24|0x00000000c3400000, 0x00000000c3400000, 0x00000000c3500000|  0%| F|  |TS  0|AC  0|TAMS 0x00000000c3400000, 0x00000000c3400000|
|  25|0x00000000c3500000, 0x00000000c3500000, 0x00000000c3600000|  0%| F|  |TS  0|AC  0|TAMS 0x00000000c3500000, 0x00000000c3500000|
|  26|0x00000000c3600000, 0x00000000c3600000, 0x00000000c3700000|  0%| F|  |TS  0|AC  0|TAMS 0x00000000c3600000, 0x00000000c3600000|
|  27|0x00000000c3700000, 0x00000000c3700000, 0x00000000c3800000|  0%| F|  |TS  0|AC  0|TAMS 0x00000000c3700000, 0x00000000c3700000|
|  28|0x00000000c3800000, 0x00000000c3800000, 0x00000000c3900000|  0%| F|  |TS  0|AC  0|TAMS 0x00000000c3800000, 0x00000000c3800000|
|  29|0x00000000c3900000, 0x00000000c3900000, 0x00000000c3a00000|  0%| F|  |TS  0|AC  0|TAMS 0x00000000c3900000, 0x00000000c3900000|
|  30|0x00000000c3a00000, 0x00000000c3a00000, 0x00000000c3b00000|  0%| F|  |TS  0|AC  0|TAMS 0x00000000c3a00000, 0x00000000c3a00000|
|  31|0x00000000c3b00000, 0x00000000c3b00000, 0x00000000c3c00000|  0%| F|  |TS  0|AC  0|TAMS 0x00000000c3b00000, 0x00000000c3b00000|
|  32|0x00000000c3c00000, 0x00000000c3c00000, 0x00000000c3d00000|  0%| F|  |TS  0|AC  0|TAMS 0x00000000c3c00000, 0x00000000c3c00000|
|  33|0x00000000c3d00000, 0x00000000c3d00000, 0x00000000c3e00000|  0%| F|  |TS  0|AC  0|TAMS 0x00000000c3d00000, 0x00000000c3d00000|
|  34|0x00000000c3e00000, 0x00000000c3e00000, 0x00000000c3f00000|  0%| F|  |TS  0|AC  0|TAMS 0x00000000c3e00000, 0x00000000c3e00000|
|  35|0x00000000c3f00000, 0x00000000c3f00000, 0x00000000c4000000|  0%| F|  |TS  0|AC  0|TAMS 0x00000000c3f00000, 0x00000000c3f00000|
|  36|0x00000000c4000000, 0x00000000c4000000, 0x00000000c4100000|  0%| F|  |TS  0|AC  0|TAMS 0x00000000c4000000, 0x00000000c4000000|
|  37|0x00000000c4100000, 0x00000000c4100000, 0x00000000c4200000|  0%| F|  |TS  0|AC  0|TAMS 0x00000000c4100000, 0x00000000c4100000|
|  38|0x00000000c4200000, 0x00000000c4200000, 0x00000000c4300000|  0%| F|  |TS  0|AC  0|TAMS 0x00000000c4200000, 0x00000000c4200000|
|  39|0x00000000c4300000, 0x00000000c4300000, 0x00000000c4400000|  0%| F|  |TS  0|AC  0|TAMS 0x00000000c4300000, 0x00000000c4300000|
|  40|0x00000000c4400000, 0x00000000c4400000, 0x00000000c4500000|  0%| F|  |TS  0|AC  0|TAMS 0x00000000c4400000, 0x00000000c4400000|
|  41|0x00000000c4500000, 0x00000000c4500000, 0x00000000c4600000|  0%| F|  |TS  0|AC  0|TAMS 0x00000000c4500000, 0x00000000c4500000|
|  42|0x00000000c4600000, 0x00000000c4600000, 0x00000000c4700000|  0%| F|  |TS  0|AC  0|TAMS 0x00000000c4600000, 0x00000000c4600000|
|  43|0x00000000c4700000, 0x00000000c4700000, 0x00000000c4800000|  0%| F|  |TS  0|AC  0|TAMS 0x00000000c4700000, 0x00000000c4700000|
|  44|0x00000000c4800000, 0x00000000c4800000, 0x00000000c4900000|  0%| F|  |TS  0|AC  0|TAMS 0x00000000c4800000, 0x00000000c4800000|
|  45|0x00000000c4900000, 0x00000000c4900000, 0x00000000c4a00000|  0%| F|  |TS  0|AC  0|TAMS 0x00000000c4900000, 0x00000000c4900000|
|  46|0x00000000c4a00000, 0x00000000c4a00000, 0x00000000c4b00000|  0%| F|  |TS  0|AC  0|TAMS 0x00000000c4a00000, 0x00000000c4a00000|
|  47|0x00000000c4b00000, 0x00000000c4b00000, 0x00000000c4c00000|  0%| F|  |TS  0|AC  0|TAMS 0x00000000c4b00000, 0x00000000c4b00000|
|  48|0x00000000c4c00000, 0x00000000c4c00000, 0x00000000c4d00000|  0%| F|  |TS  0|AC  0|TAMS 0x00000000c4c00000, 0x00000000c4c00000|
|  49|0x00000000c4d00000, 0x00000000c4d00000, 0x00000000c4e00000|  0%| F|  |TS  0|AC  0|TAMS 0x00000000c4d00000, 0x00000000c4d00000|
|  50|0x00000000c4e00000, 0x00000000c4e00000, 0x00000000c4f00000|  0%| F|  |TS  0|AC  0|TAMS 0x00000000c4e00000, 0x00000000c4e00000|
|  51|0x00000000c4f00000, 0x00000000c4f00000, 0x00000000c5000000|  0%| F|  |TS  0|AC  0|TAMS 0x00000000c4f00000, 0x00000000c4f00000|
|  52|0x00000000c5000000, 0x00000000c5000000, 0x00000000c5100000|  0%| F|  |TS  0|AC  0|TAMS 0x00000000c5000000, 0x00000000c5000000|
|  53|0x00000000c5100000, 0x00000000c5148300, 0x00000000c5200000| 28%| E|  |TS  0|AC  0|TAMS 0x00000000c5100000, 0x00000000c5100000|
|  54|0x00000000c5200000, 0x00000000c5300000, 0x00000000c5300000|100%| E|CS|TS  0|AC  0|TAMS 0x00000000c5200000, 0x00000000c5200000|
|  55|0x00000000c5300000, 0x00000000c5400000, 0x00000000c5400000|100%| E|CS|TS  0|AC  0|TAMS 0x00000000c5300000, 0x00000000c5300000|
|  56|0x00000000c5400000, 0x00000000c5500000, 0x00000000c5500000|100%| E|CS|TS  0|AC  0|TAMS 0x00000000c5400000, 0x00000000c5400000|
|  57|0x00000000c5500000, 0x00000000c5600000, 0x00000000c5600000|100%| E|CS|TS  0|AC  0|TAMS 0x00000000c5500000, 0x00000000c5500000|
|  58|0x00000000c5600000, 0x00000000c5700000, 0x00000000c5700000|100%| E|CS|TS  0|AC  0|TAMS 0x00000000c5600000, 0x00000000c5600000|
|  59|0x00000000c5700000, 0x00000000c5800000, 0x00000000c5800000|100%| E|CS|TS  0|AC  0|TAMS 0x00000000c5700000, 0x00000000c5700000|
|  60|0x00000000c5800000, 0x00000000c5900000, 0x00000000c5900000|100%| E|CS|TS  0|AC  0|TAMS 0x00000000c5800000, 0x00000000c5800000|
|  61|0x00000000c5900000, 0x00000000c5a00000, 0x00000000c5a00000|100%| E|CS|TS  0|AC  0|TAMS 0x00000000c5900000, 0x00000000c5900000|
|  62|0x00000000c5a00000, 0x00000000c5b00000, 0x00000000c5b00000|100%| E|CS|TS  0|AC  0|TAMS 0x00000000c5a00000, 0x00000000c5a00000|
|  63|0x00000000c5b00000, 0x00000000c5c00000, 0x00000000c5c00000|100%| E|CS|TS  0|AC  0|TAMS 0x00000000c5b00000, 0x00000000c5b00000|

Card table byte_map: [0x000000001b840000,0x000000001ba40000] byte_map_base: 0x000000001b232000

Marking Bits (Prev, Next): (CMBitMap*) 0x00000000004109d0, (CMBitMap*) 0x0000000000410a08
 Prev Bits: [0x000000001bc40000, 0x000000001cbd0000)
 Next Bits: [0x000000001cbd0000, 0x000000001db60000)

Polling page: 0x0000000000080000

CodeHeap 'non-profiled nmethods': size=120064Kb used=300Kb max_used=300Kb free=119763Kb
 bounds [0x00000000135e0000, 0x0000000013850000, 0x000000001ab20000]
CodeHeap 'profiled nmethods': size=120000Kb used=1351Kb max_used=1351Kb free=118648Kb
 bounds [0x000000000c0b0000, 0x000000000c320000, 0x00000000135e0000]
CodeHeap 'non-nmethods': size=5696Kb used=1157Kb max_used=1201Kb free=4538Kb
 bounds [0x000000000bb20000, 0x000000000bd90000, 0x000000000c0b0000]
 total_blobs=1532 nmethods=830 adapters=456
 compilation: enabled

Compilation events (10 events):
Event: 0.956 Thread 0x000000002033c000 nmethod 821 0x000000000c1fb210 code [0x000000000c1fb500, 0x000000000c1fc278]
Event: 0.956 Thread 0x000000002033c000  823       3       java.nio.channels.spi.AbstractInterruptibleChannel::isOpen (13 bytes)
Event: 0.956 Thread 0x000000002033c000 nmethod 823 0x000000000c1fc710 code [0x000000000c1fc8c0, 0x000000000c1fca70]
Event: 0.956 Thread 0x000000002033c000  822       1       sun.nio.ch.NativeThread::current (2 bytes)
Event: 0.956 Thread 0x000000002033c000 nmethod 822 0x000000001361de10 code [0x000000001361dfc0, 0x000000001361e0b0]
Event: 0.956 Thread 0x000000002033c000  824       3       java.nio.Bits::byteOrder (4 bytes)
Event: 0.956 Thread 0x000000002033c000 nmethod 824 0x000000000c1fcb10 code [0x000000000c1fccc0, 0x000000000c1fcdf0]
Event: 0.956 Thread 0x000000002033c000  826       3       java.nio.MappedByteBuffer::limit (8 bytes)
Event: 0.957 Thread 0x000000002033c000 nmethod 826 0x000000000c1fce90 code [0x000000000c1fd060, 0x000000000c1fd268]
Event: 0.958 Thread 0x000000002033c000  828       3       java.lang.invoke.LambdaFormEditor$Transform::ofBothArrays (139 bytes)

GC Heap History (0 events):
No events

Deoptimization events (4 events):
Event: 0.136 Thread 0x00000000003b3800 Uncommon trap: reason=unstable_if action=reinterpret pc=0x00000000135e46dc method=java.lang.String.hashCode()I @ 14 c2
Event: 0.165 Thread 0x00000000003b3800 Uncommon trap: reason=unstable_if action=reinterpret pc=0x00000000135e64e8 method=java.lang.String.isLatin1()Z @ 10 c2
Event: 0.397 Thread 0x00000000003b3800 Uncommon trap: reason=unstable_if action=reinterpret pc=0x00000000135fd898 method=java.lang.StringLatin1.replace([BCC)Ljava/lang/String; @ 19 c2
Event: 0.782 Thread 0x0000000022737800 Uncommon trap: reason=unstable_if action=reinterpret pc=0x00000000135ea834 method=java.util.HashMap.putVal(ILjava/lang/Object;Ljava/lang/Object;ZZ)Ljava/lang/Object; @ 181 c2

Classes redefined (0 events):
No events

Internal exceptions (10 events):
Event: 0.603 Thread 0x00000000003b3800 Exception <a 'java/lang/NoSuchMethodError'{0x00000000c5546da0}: method resolution failed> (0x00000000c5546da0) thrown at [t:/workspace/src/hotspot/share/prims/methodHandles.cpp, line 1226]
Event: 0.604 Thread 0x00000000003b3800 Exception <a 'java/lang/NoSuchMethodError'{0x00000000c554e428}: java.lang.invoke.DirectMethodHandle$Holder.invokeStatic(Ljava/lang/Object;ILjava/lang/Object;Ljava/lang/Object;Ljava/lang/Object;)Ljava/lang/Object;> (0x00000000c554e428) thrown at [t:/worksp
Event: 0.605 Thread 0x00000000003b3800 Exception <a 'java/lang/NoSuchMethodError'{0x00000000c5552018}: method resolution failed> (0x00000000c5552018) thrown at [t:/workspace/src/hotspot/share/prims/methodHandles.cpp, line 1226]
Event: 0.668 Thread 0x00000000003b3800 Exception <a 'java/lang/ClassNotFoundException'{0x00000000c5412810}: com/sun/swing/internal/plaf/metal/resources/spi/metalProvider> (0x00000000c5412810) thrown at [t:/workspace/src/hotspot/share/classfile/systemDictionary.cpp, line 233]
Event: 0.669 Thread 0x00000000003b3800 Exception <a 'java/lang/ClassNotFoundException'{0x00000000c5416bf8}: com/sun/swing/internal/plaf/basic/resources/spi/basicProvider> (0x00000000c5416bf8) thrown at [t:/workspace/src/hotspot/share/classfile/systemDictionary.cpp, line 233]
Event: 0.793 Thread 0x00000000003b3800 Exception <a 'java/lang/NoSuchMethodError'{0x00000000c549f518}: java.lang.invoke.DirectMethodHandle$Holder.invokeStaticInit(Ljava/lang/Object;)V> (0x00000000c549f518) thrown at [t:/workspace/src/hotspot/share/interpreter/linkResolver.cpp, line 741]
Event: 0.911 Thread 0x00000000003b3800 Exception <a 'java/lang/NoSuchMethodError'{0x00000000c5251950}: java.lang.invoke.DirectMethodHandle$Holder.invokeStatic(Ljava/lang/Object;Ljava/lang/Object;Ljava/lang/Object;Ljava/lang/Object;Ljava/lang/Object;Ljava/lang/Object;Ljava/lang/Object;Ljava/lan
Event: 0.914 Thread 0x00000000003b3800 Exception <a 'java/lang/NoSuchMethodError'{0x00000000c5272040}: java.lang.invoke.DirectMethodHandle$Holder.invokeStatic(Ljava/lang/Object;Ljava/lang/Object;Ljava/lang/Object;Ljava/lang/Object;Ljava/lang/Object;Ljava/lang/Object;Ljava/lang/Object;Ljava/lan
Event: 0.917 Thread 0x00000000003b3800 Exception <a 'java/lang/NoSuchMethodError'{0x00000000c52939b8}: java.lang.invoke.DirectMethodHandle$Holder.invokeStatic(Ljava/lang/Object;Ljava/lang/Object;Ljava/lang/Object;Ljava/lang/Object;Ljava/lang/Object;Ljava/lang/Object;Ljava/lang/Object;Ljava/lan
Event: 0.938 Thread 0x00000000003b3800 Exception <a 'java/lang/NoSuchMethodError'{0x00000000c52f40b0}: java.lang.invoke.DirectMethodHandle$Holder.invokeStatic(Ljava/lang/Object;Ljava/lang/Object;Ljava/lang/Object;Ljava/lang/Object;Ljava/lang/Object;Ljava/lang/Object;Ljava/lang/Object;Ljava/lan

Events (10 events):
Event: 0.951 loading class sun/font/CMap$CMapFormat4
Event: 0.951 loading class sun/font/CMap$CMapFormat4 done
Event: 0.951 loading class java/nio/ByteBufferAsCharBufferB
Event: 0.951 loading class java/nio/ByteBufferAsCharBufferB done
Event: 0.955 loading class sun/font/FontDesignMetrics$KeyReference
Event: 0.955 loading class sun/font/FontDesignMetrics$KeyReference done
Event: 0.958 loading class sun/swing/MenuItemLayoutHelper$RectSize
Event: 0.959 loading class sun/swing/MenuItemLayoutHelper$RectSize done
Event: 0.959 loading class sun/font/CompositeGlyphMapper
Event: 0.959 loading class sun/font/CompositeGlyphMapper done


Dynamic libraries:
0x000000013f210000 - 0x000000013f24d000 	C:\Program Files\Java\jdk-10.0.2\bin\java.exe
0x0000000077450000 - 0x00000000775fb000 	C:\Windows\SYSTEM32\ntdll.dll
0x0000000077330000 - 0x000000007744f000 	C:\Windows\system32\kernel32.dll
0x000007fefd5a0000 - 0x000007fefd60b000 	C:\Windows\system32\KERNELBASE.dll
0x0000000077230000 - 0x000000007732a000 	C:\Windows\system32\USER32.dll
0x000007feff4c0000 - 0x000007feff527000 	C:\Windows\system32\GDI32.dll
0x000007fefdc00000 - 0x000007fefdc0e000 	C:\Windows\system32\LPK.dll
0x000007fefdc10000 - 0x000007fefdcda000 	C:\Windows\system32\USP10.dll
0x000007fefdb60000 - 0x000007fefdbff000 	C:\Windows\system32\msvcrt.dll
0x000007fefbb20000 - 0x000007fefbd14000 	C:\Windows\WinSxS\amd64_microsoft.windows.common-controls_6595b64144ccf1df_6.0.7600.16385_none_fa645303170382f6\COMCTL32.dll
0x000007feff560000 - 0x000007feff5d1000 	C:\Windows\system32\SHLWAPI.dll
0x000007feff530000 - 0x000007feff55e000 	C:\Windows\system32\IMM32.DLL
0x000007fefd9d0000 - 0x000007fefdad9000 	C:\Windows\system32\MSCTF.dll
0x000007fef10f0000 - 0x000007fef11df000 	C:\Program Files\Java\jdk-10.0.2\bin\msvcr120.dll
0x000007fef32f0000 - 0x000007fef3396000 	C:\Program Files\Java\jdk-10.0.2\bin\msvcp120.dll
0x00000000578a0000 - 0x000000005828d000 	C:\Program Files\Java\jdk-10.0.2\bin\server\jvm.dll
0x000007fefed70000 - 0x000007fefee4b000 	C:\Windows\system32\ADVAPI32.dll
0x000007fefdb40000 - 0x000007fefdb5f000 	C:\Windows\SYSTEM32\sechost.dll
0x000007feff130000 - 0x000007feff25e000 	C:\Windows\system32\RPCRT4.dll
0x000007fef95e0000 - 0x000007fef95e9000 	C:\Windows\system32\WSOCK32.dll
0x000007fefdae0000 - 0x000007fefdb2d000 	C:\Windows\system32\WS2_32.dll
0x000007fefdb30000 - 0x000007fefdb38000 	C:\Windows\system32\NSI.dll
0x000007fefb2b0000 - 0x000007fefb2eb000 	C:\Windows\system32\WINMM.dll
0x000007fefc520000 - 0x000007fefc52c000 	C:\Windows\system32\VERSION.dll
0x0000000077610000 - 0x0000000077617000 	C:\Windows\system32\PSAPI.DLL
0x000007fefc020000 - 0x000007fefc02f000 	C:\Program Files\Java\jdk-10.0.2\bin\verify.dll
0x000007fef7410000 - 0x000007fef7535000 	C:\Windows\system32\DBGHELP.DLL
0x000007fefac60000 - 0x000007fefac87000 	C:\Program Files\Java\jdk-10.0.2\bin\java.dll
0x000007fefa1f0000 - 0x000007fefa21a000 	C:\Program Files\Java\jdk-10.0.2\bin\instrument.dll
0x000007fefa260000 - 0x000007fefa276000 	C:\Program Files\Java\jdk-10.0.2\bin\zip.dll
0x000007fefad50000 - 0x000007fefad5a000 	C:\Program Files\Java\jdk-10.0.2\bin\jimage.dll
0x000007fefdfe0000 - 0x000007fefed66000 	C:\Windows\system32\SHELL32.dll
0x000007fefdd30000 - 0x000007fefdf31000 	C:\Windows\system32\ole32.dll
0x000007fefd3b0000 - 0x000007fefd3bf000 	C:\Windows\system32\profapi.dll
0x000007fefacd0000 - 0x000007fefacea000 	C:\Program Files\Java\jdk-10.0.2\bin\net.dll
0x000007fef96d0000 - 0x000007fef973e000 	C:\Windows\system32\WINHTTP.dll
0x000007fef9650000 - 0x000007fef96b4000 	C:\Windows\system32\webio.dll
0x000007fefcc20000 - 0x000007fefcc74000 	C:\Windows\system32\mswsock.dll
0x000007fefcc10000 - 0x000007fefcc17000 	C:\Windows\System32\wship6.dll
0x000007fefa240000 - 0x000007fefa251000 	C:\Program Files\Java\jdk-10.0.2\bin\nio.dll
0x000007fefa1d0000 - 0x000007fefa1ea000 	C:\Program Files\JetBrains\IntelliJ IDEA Community Edition 2019.1.3\bin\breakgen64.dll
0x000007fef0900000 - 0x000007fef0a9a000 	C:\Program Files\Java\jdk-10.0.2\bin\awt.dll
0x000007feff050000 - 0x000007feff127000 	C:\Windows\system32\OLEAUT32.dll
0x000007fef0d90000 - 0x000007fef0e86000 	C:\Windows\system32\d2d1.dll
0x000007fefb250000 - 0x000007fefb268000 	C:\Windows\system32\DWMAPI.DLL
0x000007fef65a0000 - 0x000007fef66bd000 	C:\Windows\system32\opengl32.dll
0x000007fef6570000 - 0x000007fef659d000 	C:\Windows\system32\GLU32.dll
0x000007fef5a80000 - 0x000007fef5b71000 	C:\Windows\system32\DDRAW.dll
0x000007fef6560000 - 0x000007fef6568000 	C:\Windows\system32\DCIMAN32.dll
0x000007fefee50000 - 0x000007feff027000 	C:\Windows\system32\SETUPAPI.dll
0x000007fefd460000 - 0x000007fefd496000 	C:\Windows\system32\CFGMGR32.dll
0x000007fefd580000 - 0x000007fefd59a000 	C:\Windows\system32\DEVOBJ.dll
0x000007fefba70000 - 0x000007fefbac6000 	C:\Windows\system32\uxtheme.dll
0x000007fefd2e0000 - 0x000007fefd2ef000 	C:\Windows\system32\CRYPTBASE.dll
0x000007fef77e0000 - 0x000007fef787c000 	C:\Program Files\Java\jdk-10.0.2\bin\freetype.dll
0x000007fef3170000 - 0x000007fef31d8000 	C:\Program Files\Java\jdk-10.0.2\bin\fontmanager.dll

dbghelp: loaded successfully - version: 4.0.5 - missing functions: none
symbol engine: initialized successfully - sym options: 0x614 - pdb path: .;C:\Program Files\Java\jdk-10.0.2\bin;C:\Windows\SYSTEM32;C:\Windows\WinSxS\amd64_microsoft.windows.common-controls_6595b64144ccf1df_6.0.7600.16385_none_fa645303170382f6;C:\Program Files\Java\jdk-10.0.2\bin\server;C:\Program Files\JetBrains\IntelliJ IDEA Community Edition 2019.1.3\bin

VM Arguments:
jvm_args: -javaagent:C:\Program Files\JetBrains\IntelliJ IDEA Community Edition 2019.1.3\lib\idea_rt.jar=50594:C:\Program Files\JetBrains\IntelliJ IDEA Community Edition 2019.1.3\bin -Dfile.encoding=UTF-8 
java_command: Minesweeper_main
java_class_path (initial): C:\Users\Admin\Desktop\My project\Final exam\Minesweeper\out\production\Minesweeper;C:\Users\Admin\Downloads\stdlib.jar
Launcher Type: SUN_STANDARD

Logging:
Log output configuration:
#0: stdout all=warning uptime,level,tags
#1: stderr all=off uptime,level,tags

Environment Variables:
PATH=C:\Program Files\Java\jdk-10.0.2\bin;C:\Program Files (x86)\Intel\iCLS Client\;C:\Program Files\Intel\iCLS Client\;C:\Windows\system32;C:\Windows;C:\Windows\System32\Wbem;C:\Windows\System32\WindowsPowerShell\v1.0\;C:\Program Files\Intel\Intel(R) Management Engine Components\DAL;C:\Program Files\Intel\Intel(R) Management Engine Components\IPT;C:\Program Files (x86)\Intel\Intel(R) Management Engine Components\DAL;C:\Program Files (x86)\Intel\Intel(R) Management Engine Components\IPT;C:\Program Files\Intel\WiFi\bin\;C:\Program Files\Common Files\Intel\WirelessCommon\;D:\matlab2018\runtime\win64;D:\matlab2018\bin;C:\Program Files\Intel\WiFi\bin\;C:\Program Files\Common Files\Intel\WirelessCommon\
USERNAME=Admin
OS=Windows_NT
PROCESSOR_IDENTIFIER=Intel64 Family 6 Model 69 Stepping 1, GenuineIntel



---------------  S Y S T E M  ---------------

OS: Windows 7 , 64 bit Build 7600 (6.1.7600.16385)

CPU:total 4 (initial active 4) (2 cores per cpu, 2 threads per core) family 6 model 69 stepping 1, cmov, cx8, fxsr, mmx, sse, sse2, sse3, ssse3, sse4.1, sse4.2, popcnt, aes, clmul, erms, lzcnt, ht, tsc, tscinvbit, bmi1, bmi2

Memory: 4k page, physical 4074912k(1042952k free), swap 8147928k(3855864k free)

vm_info: OpenJDK 64-Bit Server VM (10.0.2+13) for windows-amd64 JRE (10.0.2+13), built on Jun 28 2018 02:00:24 by "mach5one" with MS VC++ 12.0 (VS2013)

END.
